-------------------------------------------------------------------------------
Test set: com.nowcoder.community.LoggerTests
-------------------------------------------------------------------------------
Tests run: 1, Failures: 0, Errors: 1, Skipped: 0, Time elapsed: 0 s <<< FAILURE! - in com.nowcoder.community.LoggerTests
initializationError(com.nowcoder.community.LoggerTests)  Time elapsed: 0 s  <<< ERROR!
java.lang.Exception: No runnable methods

